[20-Jan-2022 19:33:07 America/Denver] Xdebug: [Step Debug] Time-out connecting to debugging client, waited: 200 ms. Tried: localhost:9003 (through xdebug.client_host/xdebug.client_port) :-(
[20-Jan-2022 19:33:07 America/Denver] Xdebug: [Step Debug] Time-out connecting to debugging client, waited: 200 ms. Tried: localhost:9003 (through xdebug.client_host/xdebug.client_port) :-(
[20-Jan-2022 19:33:07 America/Denver] PHP Warning:  Undefined array key "hash_raw" in D:\Development\geek_tools\ajax.php on line 74
[20-Jan-2022 19:33:07 America/Denver] PHP Warning:  Undefined array key "hash_raw" in D:\Development\geek_tools\index.php on line 347
[20-Jan-2022 19:34:04 America/Denver] Xdebug: [Step Debug] Time-out connecting to debugging client, waited: 200 ms. Tried: localhost:9003 (through xdebug.client_host/xdebug.client_port) :-(
[20-Jan-2022 19:34:05 America/Denver] Xdebug: [Step Debug] Time-out connecting to debugging client, waited: 200 ms. Tried: localhost:9003 (through xdebug.client_host/xdebug.client_port) :-(
[20-Jan-2022 19:34:05 America/Denver] PHP Warning:  Undefined array key "hash_raw" in D:\Development\geek_tools\index.php on line 347
[20-Jan-2022 19:34:23 America/Denver] Xdebug: [Step Debug] Time-out connecting to debugging client, waited: 200 ms. Tried: localhost:9003 (through xdebug.client_host/xdebug.client_port) :-(
[20-Jan-2022 19:34:23 America/Denver] Xdebug: [Step Debug] Time-out connecting to debugging client, waited: 200 ms. Tried: localhost:9003 (through xdebug.client_host/xdebug.client_port) :-(
[20-Jan-2022 19:34:23 America/Denver] PHP Fatal error:  Uncaught Error: Class "MorseText" not found in D:\Development\geek_tools\ajax.php:106
Stack trace:
#0 D:\Development\geek_tools\ajax.php(13): do_encodings()
#1 D:\Development\geek_tools\index.php(55): require_once('D:\\Development\\...')
#2 {main}
  thrown in D:\Development\geek_tools\ajax.php on line 106
[20-Jan-2022 19:34:30 America/Denver] Xdebug: [Step Debug] Time-out connecting to debugging client, waited: 200 ms. Tried: localhost:9003 (through xdebug.client_host/xdebug.client_port) :-(
[20-Jan-2022 19:34:30 America/Denver] Xdebug: [Step Debug] Time-out connecting to debugging client, waited: 200 ms. Tried: localhost:9003 (through xdebug.client_host/xdebug.client_port) :-(
[20-Jan-2022 19:34:30 America/Denver] PHP Fatal error:  Uncaught Error: Class "MorseText" not found in D:\Development\geek_tools\ajax.php:106
Stack trace:
#0 D:\Development\geek_tools\ajax.php(13): do_encodings()
#1 D:\Development\geek_tools\index.php(55): require_once('D:\\Development\\...')
#2 {main}
  thrown in D:\Development\geek_tools\ajax.php on line 106
[20-Jan-2022 19:34:36 America/Denver] Xdebug: [Step Debug] Time-out connecting to debugging client, waited: 200 ms. Tried: localhost:9003 (through xdebug.client_host/xdebug.client_port) :-(
[20-Jan-2022 19:34:37 America/Denver] Xdebug: [Step Debug] Time-out connecting to debugging client, waited: 200 ms. Tried: localhost:9003 (through xdebug.client_host/xdebug.client_port) :-(
[20-Jan-2022 19:34:37 America/Denver] PHP Fatal error:  Uncaught Error: Class "MorseText" not found in D:\Development\geek_tools\ajax.php:106
Stack trace:
#0 D:\Development\geek_tools\ajax.php(13): do_encodings()
#1 D:\Development\geek_tools\index.php(55): require_once('D:\\Development\\...')
#2 {main}
  thrown in D:\Development\geek_tools\ajax.php on line 106
[20-Jan-2022 19:34:38 America/Denver] Xdebug: [Step Debug] Time-out connecting to debugging client, waited: 200 ms. Tried: localhost:9003 (through xdebug.client_host/xdebug.client_port) :-(
[20-Jan-2022 19:34:38 America/Denver] Xdebug: [Step Debug] Time-out connecting to debugging client, waited: 200 ms. Tried: localhost:9003 (through xdebug.client_host/xdebug.client_port) :-(
[20-Jan-2022 19:34:38 America/Denver] PHP Fatal error:  Uncaught Error: Class "MorseText" not found in D:\Development\geek_tools\ajax.php:106
Stack trace:
#0 D:\Development\geek_tools\ajax.php(13): do_encodings()
#1 D:\Development\geek_tools\index.php(55): require_once('D:\\Development\\...')
#2 {main}
  thrown in D:\Development\geek_tools\ajax.php on line 106
[20-Jan-2022 19:35:29 America/Denver] Xdebug: [Step Debug] Time-out connecting to debugging client, waited: 200 ms. Tried: localhost:9003 (through xdebug.client_host/xdebug.client_port) :-(
[20-Jan-2022 19:35:30 America/Denver] Xdebug: [Step Debug] Time-out connecting to debugging client, waited: 200 ms. Tried: localhost:9003 (through xdebug.client_host/xdebug.client_port) :-(
[20-Jan-2022 19:35:37 America/Denver] Xdebug: [Step Debug] Time-out connecting to debugging client, waited: 200 ms. Tried: localhost:9003 (through xdebug.client_host/xdebug.client_port) :-(
[20-Jan-2022 19:35:38 America/Denver] Xdebug: [Step Debug] Time-out connecting to debugging client, waited: 200 ms. Tried: localhost:9003 (through xdebug.client_host/xdebug.client_port) :-(
[20-Jan-2022 19:36:02 America/Denver] Xdebug: [Step Debug] Time-out connecting to debugging client, waited: 200 ms. Tried: localhost:9003 (through xdebug.client_host/xdebug.client_port) :-(
[20-Jan-2022 19:36:02 America/Denver] Xdebug: [Step Debug] Time-out connecting to debugging client, waited: 200 ms. Tried: localhost:9003 (through xdebug.client_host/xdebug.client_port) :-(
[20-Jan-2022 19:36:47 America/Denver] Xdebug: [Step Debug] Time-out connecting to debugging client, waited: 200 ms. Tried: localhost:9003 (through xdebug.client_host/xdebug.client_port) :-(
[20-Jan-2022 19:36:47 America/Denver] Xdebug: [Step Debug] Time-out connecting to debugging client, waited: 200 ms. Tried: localhost:9003 (through xdebug.client_host/xdebug.client_port) :-(
[20-Jan-2022 19:36:58 America/Denver] Xdebug: [Step Debug] Time-out connecting to debugging client, waited: 200 ms. Tried: localhost:9003 (through xdebug.client_host/xdebug.client_port) :-(
[20-Jan-2022 19:36:58 America/Denver] Xdebug: [Step Debug] Time-out connecting to debugging client, waited: 200 ms. Tried: localhost:9003 (through xdebug.client_host/xdebug.client_port) :-(
[20-Jan-2022 19:37:09 America/Denver] Xdebug: [Step Debug] Time-out connecting to debugging client, waited: 200 ms. Tried: localhost:9003 (through xdebug.client_host/xdebug.client_port) :-(
[20-Jan-2022 19:37:10 America/Denver] Xdebug: [Step Debug] Time-out connecting to debugging client, waited: 200 ms. Tried: localhost:9003 (through xdebug.client_host/xdebug.client_port) :-(
[20-Jan-2022 19:42:53 America/Denver] Xdebug: [Step Debug] Time-out connecting to debugging client, waited: 200 ms. Tried: localhost:9003 (through xdebug.client_host/xdebug.client_port) :-(
[20-Jan-2022 19:42:53 America/Denver] Xdebug: [Step Debug] Time-out connecting to debugging client, waited: 200 ms. Tried: localhost:9003 (through xdebug.client_host/xdebug.client_port) :-(
[20-Jan-2022 19:43:51 America/Denver] Xdebug: [Step Debug] Time-out connecting to debugging client, waited: 200 ms. Tried: localhost:9003 (through xdebug.client_host/xdebug.client_port) :-(
[20-Jan-2022 19:43:52 America/Denver] Xdebug: [Step Debug] Time-out connecting to debugging client, waited: 200 ms. Tried: localhost:9003 (through xdebug.client_host/xdebug.client_port) :-(
[20-Jan-2022 19:45:02 America/Denver] Xdebug: [Step Debug] Time-out connecting to debugging client, waited: 200 ms. Tried: localhost:9003 (through xdebug.client_host/xdebug.client_port) :-(
[20-Jan-2022 19:45:02 America/Denver] Xdebug: [Step Debug] Time-out connecting to debugging client, waited: 200 ms. Tried: localhost:9003 (through xdebug.client_host/xdebug.client_port) :-(
[20-Jan-2022 19:45:22 America/Denver] Xdebug: [Step Debug] Time-out connecting to debugging client, waited: 200 ms. Tried: localhost:9003 (through xdebug.client_host/xdebug.client_port) :-(
[20-Jan-2022 19:45:23 America/Denver] Xdebug: [Step Debug] Time-out connecting to debugging client, waited: 200 ms. Tried: localhost:9003 (through xdebug.client_host/xdebug.client_port) :-(
[20-Jan-2022 19:46:47 America/Denver] Xdebug: [Step Debug] Time-out connecting to debugging client, waited: 200 ms. Tried: localhost:9003 (through xdebug.client_host/xdebug.client_port) :-(
[20-Jan-2022 19:46:48 America/Denver] Xdebug: [Step Debug] Time-out connecting to debugging client, waited: 200 ms. Tried: localhost:9003 (through xdebug.client_host/xdebug.client_port) :-(
[20-Jan-2022 19:47:02 America/Denver] Xdebug: [Step Debug] Time-out connecting to debugging client, waited: 200 ms. Tried: localhost:9003 (through xdebug.client_host/xdebug.client_port) :-(
[20-Jan-2022 19:47:02 America/Denver] Xdebug: [Step Debug] Time-out connecting to debugging client, waited: 200 ms. Tried: localhost:9003 (through xdebug.client_host/xdebug.client_port) :-(
[20-Jan-2022 19:47:49 America/Denver] Xdebug: [Step Debug] Time-out connecting to debugging client, waited: 200 ms. Tried: localhost:9003 (through xdebug.client_host/xdebug.client_port) :-(
[20-Jan-2022 19:47:50 America/Denver] Xdebug: [Step Debug] Time-out connecting to debugging client, waited: 200 ms. Tried: localhost:9003 (through xdebug.client_host/xdebug.client_port) :-(
[20-Jan-2022 19:48:25 America/Denver] Xdebug: [Step Debug] Time-out connecting to debugging client, waited: 200 ms. Tried: localhost:9003 (through xdebug.client_host/xdebug.client_port) :-(
[20-Jan-2022 19:48:26 America/Denver] Xdebug: [Step Debug] Time-out connecting to debugging client, waited: 200 ms. Tried: localhost:9003 (through xdebug.client_host/xdebug.client_port) :-(
